2025-06-19 11:41:12,592 - __main__ - INFO - ============================================================
2025-06-19 11:41:12,592 - __main__ - INFO - Got Milk Campaign Manager Started
2025-06-19 11:41:12,592 - __main__ - INFO - Current time: 2025-06-19 11:41:12.592727
2025-06-19 11:41:12,592 - __main__ - INFO - Index ID: 68535fbfa49a1fdf6d2666a4
2025-06-19 11:41:12,592 - __main__ - INFO - ============================================================
2025-06-19 11:41:12,592 - __main__ - INFO - Starting Got Milk Campaign Manager
2025-06-19 11:41:12,592 - __main__ - INFO - Initializing session state
2025-06-19 11:41:12,592 - __main__ - INFO - Index ID from env: 68535fbfa49a1fdf6d2666a4
2025-06-19 11:41:12,625 - __main__ - INFO - Initializing Twelve Labs client
2025-06-19 11:41:12,654 - __main__ - INFO - Successfully initialized Twelve Labs client
2025-06-19 11:41:12,671 - __main__ - INFO - Displaying home page
2025-06-19 11:41:14,810 - __main__ - INFO - ============================================================
2025-06-19 11:41:14,811 - __main__ - INFO - Got Milk Campaign Manager Started
2025-06-19 11:41:14,811 - __main__ - INFO - Current time: 2025-06-19 11:41:14.811137
2025-06-19 11:41:14,811 - __main__ - INFO - Index ID: 68535fbfa49a1fdf6d2666a4
2025-06-19 11:41:14,811 - __main__ - INFO - ============================================================
2025-06-19 11:41:14,811 - __main__ - INFO - Starting Got Milk Campaign Manager
2025-06-19 11:41:14,811 - __main__ - INFO - Initializing session state
2025-06-19 11:41:14,814 - __main__ - INFO - Navigating to Upload page
2025-06-19 11:41:14,815 - __main__ - INFO - Displaying upload page
2025-06-19 11:41:31,828 - __main__ - INFO - ============================================================
2025-06-19 11:41:31,828 - __main__ - INFO - Got Milk Campaign Manager Started
2025-06-19 11:41:31,829 - __main__ - INFO - Current time: 2025-06-19 11:41:31.829041
2025-06-19 11:41:31,829 - __main__ - INFO - Index ID: 68535fbfa49a1fdf6d2666a4
2025-06-19 11:41:31,829 - __main__ - INFO - ============================================================
2025-06-19 11:41:31,829 - __main__ - INFO - Starting Got Milk Campaign Manager
2025-06-19 11:41:31,829 - __main__ - INFO - Initializing session state
2025-06-19 11:41:31,831 - __main__ - INFO - Displaying upload page
2025-06-19 11:41:34,452 - __main__ - INFO - ============================================================
2025-06-19 11:41:34,452 - __main__ - INFO - Got Milk Campaign Manager Started
2025-06-19 11:41:34,452 - __main__ - INFO - Current time: 2025-06-19 11:41:34.452972
2025-06-19 11:41:34,453 - __main__ - INFO - Index ID: 68535fbfa49a1fdf6d2666a4
2025-06-19 11:41:34,453 - __main__ - INFO - ============================================================
2025-06-19 11:41:34,453 - __main__ - INFO - Starting Got Milk Campaign Manager
2025-06-19 11:41:34,453 - __main__ - INFO - Initializing session state
2025-06-19 11:41:34,457 - __main__ - INFO - Displaying upload page
2025-06-19 11:41:34,462 - __main__ - INFO - ============================================================
2025-06-19 11:41:34,463 - __main__ - INFO - STARTING PROCESS FOR: Video2_StrawberryMilk_BeyonceImpersonator.mp4
2025-06-19 11:41:34,463 - __main__ - INFO - ============================================================
2025-06-19 11:41:34,463 - __main__ - INFO - Uploading to Twelve Labs API
2025-06-19 11:41:35,539 - httpx - INFO - HTTP Request: POST https://api.twelvelabs.io/v1.3/tasks "HTTP/1.1 403 Forbidden"
2025-06-19 11:41:35,540 - __main__ - ERROR - Error processing video: Error code: 403 - {'code': 'read_not_allowed', 'message': 'The caller is not authorized to read entity 68535fbfa49a1fdf6d2666a4.'}
Traceback (most recent call last):
  File "/Users/ericosherow/Documents/Projects/got-milk-campaign/venv/lib/python3.11/site-packages/twelvelabs/base_client.py", line 31, in _request
    response.raise_for_status()
  File "/Users/ericosherow/Documents/Projects/got-milk-campaign/venv/lib/python3.11/site-packages/httpx/_models.py", line 829, in raise_for_status
    raise HTTPStatusError(message, request=request, response=self)
httpx.HTTPStatusError: Client error '403 Forbidden' for url 'https://api.twelvelabs.io/v1.3/tasks'
For more information check: https://developer.mozilla.org/en-US/docs/Web/HTTP/Status/403

During handling of the above exception, another exception occurred:

Traceback (most recent call last):
  File "/Users/ericosherow/Documents/Projects/got-milk-campaign/app.py", line 528, in process_video
    task = client.task.create(
           ^^^^^^^^^^^^^^^^^^^
  File "/Users/ericosherow/Documents/Projects/got-milk-campaign/venv/lib/python3.11/site-packages/twelvelabs/resources/task.py", line 183, in create
    res = self._post(
          ^^^^^^^^^^^
  File "/Users/ericosherow/Documents/Projects/got-milk-campaign/venv/lib/python3.11/site-packages/twelvelabs/base_client.py", line 107, in post
    return self._request("POST", url, data=data, json=json, **kwargs)
           ^^^^^^^^^^^^^^^^^^^^^^^^^^^^^^^^^^^^^^^^^^^^^^^^^^^^^^^^^^
  File "/Users/ericosherow/Documents/Projects/got-milk-campaign/venv/lib/python3.11/site-packages/twelvelabs/base_client.py", line 35, in _request
    raise self._make_status_error(e.response)
twelvelabs.exceptions.PermissionDeniedError: Error code: 403 - {'code': 'read_not_allowed', 'message': 'The caller is not authorized to read entity 68535fbfa49a1fdf6d2666a4.'}
2025-06-19 11:41:35,940 - __main__ - INFO - ============================================================
2025-06-19 11:41:35,940 - __main__ - INFO - Got Milk Campaign Manager Started
2025-06-19 11:41:35,940 - __main__ - INFO - Current time: 2025-06-19 11:41:35.940345
2025-06-19 11:41:35,940 - __main__ - INFO - Index ID: 68535fbfa49a1fdf6d2666a4
2025-06-19 11:41:35,940 - __main__ - INFO - ============================================================
2025-06-19 11:41:35,940 - __main__ - INFO - Starting Got Milk Campaign Manager
2025-06-19 11:41:35,940 - __main__ - INFO - Initializing session state
2025-06-19 11:41:35,941 - __main__ - INFO - Index ID from env: 68535fbfa49a1fdf6d2666a4
2025-06-19 11:41:35,943 - __main__ - INFO - Displaying home page
